=== RUN   TestIntegration_POST001_CreatePost
    integration_test.go:172: 
        	Error Trace:	/Users/moe/classwork/softwareEngineering/kojan-map/backend/business/internal/api/integration_test.go:172
        	Error:      	Not equal: 
        	            	expected: 201
        	            	actual  : 401
        	Test:       	TestIntegration_POST001_CreatePost
        	Messages:   	ステータスコードが201であること
    integration_test.go:178: 
        	Error Trace:	/Users/moe/classwork/softwareEngineering/kojan-map/backend/business/internal/api/integration_test.go:178
        	Error:      	Expected value not to be nil.
        	Test:       	TestIntegration_POST001_CreatePost
        	Messages:   	postIdが返却されること
    integration_test.go:182: 
        	Error Trace:	/Users/moe/classwork/softwareEngineering/kojan-map/backend/business/internal/api/integration_test.go:182
        	Error:      	Received unexpected error:
        	            	record not found
        	Test:       	TestIntegration_POST001_CreatePost
        	Messages:   	投稿がDBに保存されていること
    integration_test.go:183: 
        	Error Trace:	/Users/moe/classwork/softwareEngineering/kojan-map/backend/business/internal/api/integration_test.go:183
        	Error:      	Not equal: 
        	            	expected: "統合テスト投稿"
        	            	actual  : ""
        	            	
        	            	Diff:
        	            	--- Expected
        	            	+++ Actual
        	            	@@ -1 +1 @@
        	            	-統合テスト投稿
        	            	+
        	Test:       	TestIntegration_POST001_CreatePost
        	Messages:   	タイトルが正しく保存されていること
    integration_test.go:185: ✅ POST-001: 投稿作成成功 (PostID: <nil>)
--- FAIL: TestIntegration_POST001_CreatePost (0.15s)
=== RUN   TestIntegration_POST004_SaveLocation
    integration_test.go:221: 
        	Error Trace:	/Users/moe/classwork/softwareEngineering/kojan-map/backend/business/internal/api/integration_test.go:221
        	Error:      	Not equal: 
        	            	expected: 201
        	            	actual  : 401
        	Test:       	TestIntegration_POST004_SaveLocation
        	Messages:   	ステータスコードが201であること
    integration_test.go:225: 
        	Error Trace:	/Users/moe/classwork/softwareEngineering/kojan-map/backend/business/internal/api/integration_test.go:225
        	Error:      	Received unexpected error:
        	            	record not found
        	Test:       	TestIntegration_POST004_SaveLocation
        	Messages:   	投稿がDBに保存されていること
    integration_test.go:226: 
        	Error Trace:	/Users/moe/classwork/softwareEngineering/kojan-map/backend/business/internal/api/integration_test.go:226
        	Error:      	Should not be zero, but was 0
        	Test:       	TestIntegration_POST004_SaveLocation
        	Messages:   	位置情報が保存されていること
    integration_test.go:228: ✅ POST-004: 位置情報保存成功 (PlaceID: 0)
--- FAIL: TestIntegration_POST004_SaveLocation (0.11s)
=== RUN   TestIntegration_REPORT001_CreateReport
    integration_test.go:273: 
        	Error Trace:	/Users/moe/classwork/softwareEngineering/kojan-map/backend/business/internal/api/integration_test.go:273
        	Error:      	Not equal: 
        	            	expected: 201
        	            	actual  : 401
        	Test:       	TestIntegration_REPORT001_CreateReport
        	Messages:   	ステータスコードが201であること
    integration_test.go:277: 
        	Error Trace:	/Users/moe/classwork/softwareEngineering/kojan-map/backend/business/internal/api/integration_test.go:277
        	Error:      	Received unexpected error:
        	            	record not found
        	Test:       	TestIntegration_REPORT001_CreateReport
        	Messages:   	通報がDBに保存されていること
    integration_test.go:278: 
        	Error Trace:	/Users/moe/classwork/softwareEngineering/kojan-map/backend/business/internal/api/integration_test.go:278
        	Error:      	Not equal: 
        	            	expected: "不適切なコンテンツ"
        	            	actual  : ""
        	            	
        	            	Diff:
        	            	--- Expected
        	            	+++ Actual
        	            	@@ -1 +1 @@
        	            	-不適切なコンテンツ
        	            	+
        	Test:       	TestIntegration_REPORT001_CreateReport
        	Messages:   	通報理由が正しく保存されていること
    integration_test.go:280: ✅ REPORT-001: 通報作成成功 (ReportID: 0)
--- FAIL: TestIntegration_REPORT001_CreateReport (0.11s)
=== RUN   TestIntegration_BIZ001_BusinessRequest
    integration_test.go:290: business_requests テーブルが存在しないためスキップ
--- SKIP: TestIntegration_BIZ001_BusinessRequest (0.29s)
=== RUN   TestIntegration_AUTH001_LoginFlow
    integration_test.go:342: ✅ AUTH-001: ログインフロー成功
--- PASS: TestIntegration_AUTH001_LoginFlow (0.11s)
=== RUN   TestIntegration_POST002_GetPostIncrementsViewCount
    integration_test.go:384: ✅ POST-002: 閲覧数増加成功 (ViewCount: 1)
--- PASS: TestIntegration_POST002_GetPostIncrementsViewCount (0.13s)
FAIL
FAIL	kojan-map/business/internal/api	1.127s
FAIL
